This file contains any messages produced by compilers while
running configure, to aid debugging if configure makes a mistake.

It was created by ECE4750 Microbenchmark Suite configure ?, which was
generated by GNU Autoconf 2.69.  Invocation command line was

  $ ../configure 

## --------- ##
## Platform. ##
## --------- ##

hostname = invariants
uname -m = x86_64
uname -r = 3.13.0-40-generic
uname -s = Linux
uname -v = #69-Ubuntu SMP Thu Nov 13 17:53:56 UTC 2014

/usr/bin/uname -p = unknown
/bin/uname -X     = unknown

/bin/arch              = unknown
/usr/bin/arch -k       = unknown
/usr/convex/getsysinfo = unknown
/usr/bin/hostinfo      = unknown
/bin/machine           = unknown
/usr/bin/oslevel       = unknown
/bin/universe          = unknown

PATH: /usr/local/sbin
PATH: /usr/local/bin
PATH: /usr/sbin
PATH: /usr/bin
PATH: /sbin
PATH: /bin
PATH: /usr/games
PATH: /usr/local/games


## ----------- ##
## Core tests. ##
## ----------- ##

configure:1872: checking build system type
configure:1886: result: x86_64-unknown-linux-gnu
configure:1906: checking host system type
configure:1919: result: x86_64-unknown-linux-gnu
configure:1993: checking for gcc
configure:2009: found /usr/bin/gcc
configure:2020: result: gcc
configure:2249: checking for C compiler version
configure:2258: gcc --version >&5
gcc (Ubuntu 4.8.2-19ubuntu1) 4.8.2
Copyright (C) 2013 Free Software Foundation, Inc.
This is free software; see the source for copying conditions.  There is NO
warranty; not even for MERCHANTABILITY or FITNESS FOR A PARTICULAR PURPOSE.

configure:2269: $? = 0
configure:2258: gcc -v >&5
Using built-in specs.
COLLECT_GCC=gcc
COLLECT_LTO_WRAPPER=/usr/lib/gcc/x86_64-linux-gnu/4.8/lto-wrapper
Target: x86_64-linux-gnu
Configured with: ../src/configure -v --with-pkgversion='Ubuntu 4.8.2-19ubuntu1' --with-bugurl=file:///usr/share/doc/gcc-4.8/README.Bugs --enable-languages=c,c++,java,go,d,fortran,objc,obj-c++ --prefix=/usr --program-suffix=-4.8 --enable-shared --enable-linker-build-id --libexecdir=/usr/lib --without-included-gettext --enable-threads=posix --with-gxx-include-dir=/usr/include/c++/4.8 --libdir=/usr/lib --enable-nls --with-sysroot=/ --enable-clocale=gnu --enable-libstdcxx-debug --enable-libstdcxx-time=yes --enable-gnu-unique-object --disable-libmudflap --enable-plugin --with-system-zlib --disable-browser-plugin --enable-java-awt=gtk --enable-gtk-cairo --with-java-home=/usr/lib/jvm/java-1.5.0-gcj-4.8-amd64/jre --enable-java-home --with-jvm-root-dir=/usr/lib/jvm/java-1.5.0-gcj-4.8-amd64 --with-jvm-jar-dir=/usr/lib/jvm-exports/java-1.5.0-gcj-4.8-amd64 --with-arch-directory=amd64 --with-ecj-jar=/usr/share/java/eclipse-ecj.jar --enable-objc-gc --enable-multiarch --disable-werror --with-arch-32=i686 --with-abi=m64 --with-multilib-list=m32,m64,mx32 --with-tune=generic --enable-checking=release --build=x86_64-linux-gnu --host=x86_64-linux-gnu --target=x86_64-linux-gnu
Thread model: posix
gcc version 4.8.2 (Ubuntu 4.8.2-19ubuntu1) 
configure:2269: $? = 0
configure:2258: gcc -V >&5
gcc: error: unrecognized command line option '-V'
gcc: fatal error: no input files
compilation terminated.
configure:2269: $? = 4
configure:2258: gcc -qversion >&5
gcc: error: unrecognized command line option '-qversion'
gcc: fatal error: no input files
compilation terminated.
configure:2269: $? = 4
configure:2289: checking whether the C compiler works
configure:2311: gcc    conftest.c  >&5
configure:2315: $? = 0
configure:2363: result: yes
configure:2366: checking for C compiler default output file name
configure:2368: result: a.out
configure:2374: checking for suffix of executables
configure:2381: gcc -o conftest    conftest.c  >&5
configure:2385: $? = 0
configure:2407: result: 
configure:2429: checking whether we are cross compiling
configure:2437: gcc -o conftest    conftest.c  >&5
configure:2441: $? = 0
configure:2448: ./conftest
configure:2452: $? = 0
configure:2467: result: no
configure:2472: checking for suffix of object files
configure:2494: gcc -c   conftest.c >&5
configure:2498: $? = 0
configure:2519: result: o
configure:2523: checking whether we are using the GNU C compiler
configure:2542: gcc -c   conftest.c >&5
configure:2542: $? = 0
configure:2551: result: yes
configure:2560: checking whether gcc accepts -g
configure:2580: gcc -c -g  conftest.c >&5
configure:2580: $? = 0
configure:2621: result: yes
configure:2638: checking for gcc option to accept ISO C89
configure:2701: gcc  -c -g -O2  conftest.c >&5
configure:2701: $? = 0
configure:2714: result: none needed
configure:2796: checking for g++
configure:2812: found /usr/bin/g++
configure:2823: result: g++
configure:2850: checking for C++ compiler version
configure:2859: g++ --version >&5
g++ (Ubuntu 4.8.2-19ubuntu1) 4.8.2
Copyright (C) 2013 Free Software Foundation, Inc.
This is free software; see the source for copying conditions.  There is NO
warranty; not even for MERCHANTABILITY or FITNESS FOR A PARTICULAR PURPOSE.

configure:2870: $? = 0
configure:2859: g++ -v >&5
Using built-in specs.
COLLECT_GCC=g++
COLLECT_LTO_WRAPPER=/usr/lib/gcc/x86_64-linux-gnu/4.8/lto-wrapper
Target: x86_64-linux-gnu
Configured with: ../src/configure -v --with-pkgversion='Ubuntu 4.8.2-19ubuntu1' --with-bugurl=file:///usr/share/doc/gcc-4.8/README.Bugs --enable-languages=c,c++,java,go,d,fortran,objc,obj-c++ --prefix=/usr --program-suffix=-4.8 --enable-shared --enable-linker-build-id --libexecdir=/usr/lib --without-included-gettext --enable-threads=posix --with-gxx-include-dir=/usr/include/c++/4.8 --libdir=/usr/lib --enable-nls --with-sysroot=/ --enable-clocale=gnu --enable-libstdcxx-debug --enable-libstdcxx-time=yes --enable-gnu-unique-object --disable-libmudflap --enable-plugin --with-system-zlib --disable-browser-plugin --enable-java-awt=gtk --enable-gtk-cairo --with-java-home=/usr/lib/jvm/java-1.5.0-gcj-4.8-amd64/jre --enable-java-home --with-jvm-root-dir=/usr/lib/jvm/java-1.5.0-gcj-4.8-amd64 --with-jvm-jar-dir=/usr/lib/jvm-exports/java-1.5.0-gcj-4.8-amd64 --with-arch-directory=amd64 --with-ecj-jar=/usr/share/java/eclipse-ecj.jar --enable-objc-gc --enable-multiarch --disable-werror --with-arch-32=i686 --with-abi=m64 --with-multilib-list=m32,m64,mx32 --with-tune=generic --enable-checking=release --build=x86_64-linux-gnu --host=x86_64-linux-gnu --target=x86_64-linux-gnu
Thread model: posix
gcc version 4.8.2 (Ubuntu 4.8.2-19ubuntu1) 
configure:2870: $? = 0
configure:2859: g++ -V >&5
g++: error: unrecognized command line option '-V'
g++: fatal error: no input files
compilation terminated.
configure:2870: $? = 4
configure:2859: g++ -qversion >&5
g++: error: unrecognized command line option '-qversion'
g++: fatal error: no input files
compilation terminated.
configure:2870: $? = 4
configure:2874: checking whether we are using the GNU C++ compiler
configure:2893: g++ -c   conftest.cpp >&5
configure:2893: $? = 0
configure:2902: result: yes
configure:2911: checking whether g++ accepts -g
configure:2931: g++ -c -g  conftest.cpp >&5
configure:2931: $? = 0
configure:2972: result: yes
configure:3043: checking for ar
configure:3059: found /usr/bin/ar
configure:3070: result: ar
configure:3135: checking for ranlib
configure:3151: found /usr/bin/ranlib
configure:3162: result: ranlib
configure:3231: checking for a BSD-compatible install
configure:3299: result: /usr/bin/install -c
configure:3780: configuring internal subproject ubmark
configure:4006: configuring internal subproject mtbmark
configure:4159: creating ./config.status

## ---------------------- ##
## Running config.status. ##
## ---------------------- ##

This file was extended by ECE4750 Microbenchmark Suite config.status ?, which was
generated by GNU Autoconf 2.69.  Invocation command line was

  CONFIG_FILES    = 
  CONFIG_HEADERS  = 
  CONFIG_LINKS    = 
  CONFIG_COMMANDS = 
  $ ./config.status 

on invariants

config.status:834: creating ubmark.mk
config.status:834: creating mtbmark.mk
config.status:834: creating Makefile
config.status:834: creating ubmark-config.h
config.status:834: creating mtbmark-config.h

## ---------------- ##
## Cache variables. ##
## ---------------- ##

ac_cv_build=x86_64-unknown-linux-gnu
ac_cv_c_compiler_gnu=yes
ac_cv_cxx_compiler_gnu=yes
ac_cv_env_CCC_set=
ac_cv_env_CCC_value=
ac_cv_env_CC_set=
ac_cv_env_CC_value=
ac_cv_env_CFLAGS_set=
ac_cv_env_CFLAGS_value=
ac_cv_env_CPPFLAGS_set=
ac_cv_env_CPPFLAGS_value=
ac_cv_env_CXXFLAGS_set=
ac_cv_env_CXXFLAGS_value=
ac_cv_env_CXX_set=
ac_cv_env_CXX_value=
ac_cv_env_LDFLAGS_set=
ac_cv_env_LDFLAGS_value=
ac_cv_env_LIBS_set=
ac_cv_env_LIBS_value=
ac_cv_env_STOW_PREFIX_set=
ac_cv_env_STOW_PREFIX_value=
ac_cv_env_STOW_ROOT_set=
ac_cv_env_STOW_ROOT_value=
ac_cv_env_build_alias_set=
ac_cv_env_build_alias_value=
ac_cv_env_host_alias_set=
ac_cv_env_host_alias_value=
ac_cv_env_target_alias_set=
ac_cv_env_target_alias_value=
ac_cv_host=x86_64-unknown-linux-gnu
ac_cv_objext=o
ac_cv_path_install='/usr/bin/install -c'
ac_cv_prog_ac_ct_AR=ar
ac_cv_prog_ac_ct_CC=gcc
ac_cv_prog_ac_ct_CXX=g++
ac_cv_prog_ac_ct_RANLIB=ranlib
ac_cv_prog_cc_c89=
ac_cv_prog_cc_g=yes
ac_cv_prog_cxx_g=yes

## ----------------- ##
## Output variables. ##
## ----------------- ##

AR='ar'
CC='gcc'
CFLAGS='-Wall -g -O3'
CPPFLAGS=''
CXX='g++'
CXXFLAGS='-Wall -g -O3 -D_MIPS_ARCH_LLFU'
DEFS='-DHAVE_CONFIG_H'
ECHO_C=''
ECHO_N='-n'
ECHO_T=''
EXEEXT=''
INSTALL_DATA='${INSTALL} -m 644'
INSTALL_PROGRAM='${INSTALL}'
INSTALL_SCRIPT='${INSTALL}'
LDFLAGS=''
LIBOBJS=''
LIBS=''
LTLIBOBJS=''
OBJEXT='o'
PACKAGE_BUGREPORT='Ji Kim'
PACKAGE_NAME='ECE4750 Microbenchmark Suite'
PACKAGE_STRING='ECE4750 Microbenchmark Suite ?'
PACKAGE_TARNAME='ubmark'
PACKAGE_URL=''
PACKAGE_VERSION='?'
PATH_SEPARATOR=':'
RANLIB='ranlib'
RUN=''
RUNFLAGS=''
SHELL='/bin/bash'
STOW_PREFIX=''
STOW_ROOT=''
ac_ct_CC='gcc'
ac_ct_CXX='g++'
ac_ct_RUN=''
bindir='${exec_prefix}/bin'
build='x86_64-unknown-linux-gnu'
build_alias=''
build_cpu='x86_64'
build_os='linux-gnu'
build_vendor='unknown'
datadir='${datarootdir}'
datarootdir='${prefix}/share'
docdir='${datarootdir}/doc/${PACKAGE_TARNAME}'
dvidir='${docdir}'
enable_stow='no'
exec_prefix='${prefix}'
host='x86_64-unknown-linux-gnu'
host_alias=''
host_cpu='x86_64'
host_os='linux-gnu'
host_vendor='unknown'
htmldir='${docdir}'
includedir='${prefix}/include'
infodir='${datarootdir}/info'
libdir='${exec_prefix}/lib'
libexecdir='${exec_prefix}/libexec'
localedir='${datarootdir}/locale'
localstatedir='${prefix}/var'
mandir='${datarootdir}/man'
mcppbs_include_external=''
mcppbs_include_external_en=''
mcppbs_include_internal='ubmark mtbmark '
mcppbs_include_internal_en='ubmark mtbmark '
mcppbs_install=''
mtbmark_cppflags='-I../mtbmark '
mtbmark_extra_cppflags=''
mtbmark_extra_ldflags=''
mtbmark_extra_libs=''
mtbmark_intdeps=''
mtbmark_ldflags=''
mtbmark_libs='-lmtbmark '
mtbmark_pkcdeps=''
oldincludedir='/usr/include'
pdfdir='${docdir}'
prefix='/usr/local'
program_transform_name='s,x,x,'
psdir='${docdir}'
sbindir='${exec_prefix}/sbin'
sharedstatedir='${prefix}/com'
stow=''
sysconfdir='${prefix}/etc'
target_alias=''
ubmark_cppflags='-I../ubmark '
ubmark_extra_cppflags=''
ubmark_extra_ldflags=''
ubmark_extra_libs=''
ubmark_intdeps=''
ubmark_ldflags=''
ubmark_libs='-lubmark '
ubmark_pkcdeps=''

## ----------- ##
## confdefs.h. ##
## ----------- ##

/* confdefs.h */
#define PACKAGE_NAME "ECE4750 Microbenchmark Suite"
#define PACKAGE_TARNAME "ubmark"
#define PACKAGE_VERSION "?"
#define PACKAGE_STRING "ECE4750 Microbenchmark Suite ?"
#define PACKAGE_BUGREPORT "Ji Kim"
#define PACKAGE_URL ""
#define HAVE_UBMARK /**/
#define HAVE_MTBMARK /**/

configure: exit 0
